2023-06-28 17:07:31 [INFORMATION] User profile is available. Using 'C:\Users\alovera\AppData\Local\ASP.NET\DataProtection-Keys' as key repository and Windows DPAPI to encrypt keys at rest.
2023-06-28 17:07:31 [INFORMATION] Iniciando Web API
2023-06-28 17:07:31 [INFORMATION] Now listening on: http://localhost:5292
2023-06-28 17:07:31 [INFORMATION] Application started. Press Ctrl+C to shut down.
2023-06-28 17:07:31 [INFORMATION] Hosting environment: Development
2023-06-28 17:07:31 [INFORMATION] Content root path: E:\STIVEN\GUARDIAN\api-guardian
2023-06-28 17:07:31 [INFORMATION] Request starting HTTP/1.1 GET http://localhost:5292/swagger/index.html - -
2023-06-28 17:07:31 [INFORMATION] Request finished HTTP/1.1 GET http://localhost:5292/swagger/index.html - - - 200 - text/html;charset=utf-8 137.6859ms
2023-06-28 17:07:31 [INFORMATION] Request starting HTTP/1.1 GET http://localhost:5292/_framework/aspnetcore-browser-refresh.js - -
2023-06-28 17:07:31 [INFORMATION] Request finished HTTP/1.1 GET http://localhost:5292/_framework/aspnetcore-browser-refresh.js - - - 200 11966 application/javascript;+charset=utf-8 4.2351ms
2023-06-28 17:07:32 [INFORMATION] Request starting HTTP/1.1 GET http://localhost:5292/swagger/v1/swagger.json - -
2023-06-28 17:07:32 [INFORMATION] Request finished HTTP/1.1 GET http://localhost:5292/swagger/v1/swagger.json - - - 200 - application/json;charset=utf-8 128.2004ms
2023-06-28 17:07:35 [INFORMATION] Request starting HTTP/1.1 GET http://localhost:5292/api/consolidado - -
2023-06-28 17:07:35 [WARNING] Failed to determine the https port for redirect.
2023-06-28 17:07:35 [INFORMATION] Executing endpoint 'api_guardian.Controllers.ReportConsolidadoController.Index (api-guardian)'
2023-06-28 17:07:35 [INFORMATION] Route matched with {action = "Index", controller = "ReportConsolidado"}. Executing controller action with signature System.Threading.Tasks.Task`1[api_guardian.Dtos.Resquest.ResponseDto`1[api_guardian.Dtos.Module.ConsolidadoModuleDto]] Index() on controller api_guardian.Controllers.ReportConsolidadoController (api-guardian).
2023-06-28 17:07:36 [INFORMATION] ConsolidadoModule/Index() => iniciando...
2023-06-28 17:07:36 [INFORMATION] ConsolidadoModule/obtenerConsolidado() => 424 registros encontrados 
2023-06-28 17:07:36 [INFORMATION] ResportConsolidadoController/Index() => RESPONSE: /n {
  "status": 1,
  "message": "mostrando data",
  "data": {
    "cicloActual": "Junio"
  }
} 
2023-06-28 17:07:36 [INFORMATION] Executing ObjectResult, writing value of type 'api_guardian.Dtos.Resquest.ResponseDto`1[[api_guardian.Dtos.Module.ConsolidadoModuleDto, api-guardian, Version=1.0.0.0, Culture=neutral, PublicKeyToken=null]]'.
2023-06-28 17:07:36 [INFORMATION] Executed action api_guardian.Controllers.ReportConsolidadoController.Index (api-guardian) in 1098.1056ms
2023-06-28 17:07:36 [INFORMATION] Executed endpoint 'api_guardian.Controllers.ReportConsolidadoController.Index (api-guardian)'
2023-06-28 17:07:36 [INFORMATION] Request finished HTTP/1.1 GET http://localhost:5292/api/consolidado - - - 200 - application/json;+charset=utf-8 1262.8089ms
2023-06-28 17:08:36 [INFORMATION] Request starting HTTP/1.1 GET http://localhost:5292/swagger/index.html - -
2023-06-28 17:08:36 [INFORMATION] Request finished HTTP/1.1 GET http://localhost:5292/swagger/index.html - - - 200 - text/html;charset=utf-8 9.6928ms
2023-06-28 17:08:36 [INFORMATION] Request starting HTTP/1.1 GET http://localhost:5292/_framework/aspnetcore-browser-refresh.js - -
2023-06-28 17:08:36 [INFORMATION] Request finished HTTP/1.1 GET http://localhost:5292/_framework/aspnetcore-browser-refresh.js - - - 200 11966 application/javascript;+charset=utf-8 1.0626ms
2023-06-28 17:08:36 [INFORMATION] Request starting HTTP/1.1 GET http://localhost:5292/swagger/v1/swagger.json - -
2023-06-28 17:08:36 [INFORMATION] Request finished HTTP/1.1 GET http://localhost:5292/swagger/v1/swagger.json - - - 200 - application/json;charset=utf-8 9.7980ms
